{
    "numFailedTestSuites": 0,
    "numFailedTests": 0,
    "numPassedTestSuites": 2,
    "numPassedTests": 1,
    "numPendingTestSuites": 0,
    "numPendingTests": 0,
    "numTodoTests": 0,
    "numTotalTestSuites": 2,
    "numTotalTests": 1,
    "snapshot": {
        "added": 0,
        "didUpdate": false,
        "failure": false,
        "filesAdded": 0,
        "filesRemoved": 0,
        "filesRemovedList": [],
        "filesUnmatched": 0,
        "filesUpdated": 0,
        "matched": 0,
        "total": 0,
        "unchecked": 0,
        "uncheckedKeysByFile": [],
        "unmatched": 0,
        "updated": 0
    },
    "startTime": 1723743195125,
    "success": true,
    "testResults": [
        {
            "assertionResults": [
                {
                    "ancestorTitles": [
                        "AppController (e2e)"
                    ],
                    "duration": 70,
                    "failureMessages": [],
                    "fullName": "AppController (e2e) / (GET)",
                    "meta": {},
                    "status": "passed",
                    "title": "/ (GET)"
                }
            ],
            "endTime": 1723743195627,
            "message": "",
            "name": "/home/amaral/Documentos/nest-vitest/test/app.e2e-spec.ts",
            "startTime": 1723743195557,
            "status": "passed"
        }
    ]
}